<?xml version="1.0" encoding="UTF-8"?>
<!-- Generated by org.testng.reporters.JUnitReportReporter -->
<testsuite hostname="DESKTOP-DHSI56N" failures="0" tests="5" name="Base.MainC" time="13.682" errors="0" timestamp="2025-07-26T03:36:15 IST" skipped="0">
  <testcase classname="Base.MainC" name="testLoginWithEmptyPassword" time="3.112"/>
  <testcase classname="Base.MainC" name="unPwdInvalid" time="3.163"/>
  <testcase classname="Base.MainC" name="validLogin" time="2.342"/>
  <testcase classname="Base.MainC" name="Remaining" time="2.454"/>
  <testcase classname="Base.MainC" name="Logout" time="2.611"/>
</testsuite> <!-- Base.MainC -->
