<?xml version="1.0" encoding="UTF-8"?>
<!-- Generated by org.testng.reporters.JUnitReportReporter -->
<testsuite hostname="DESKTOP-DHSI56N" failures="0" tests="3" name="testcases.SidebarTestCases" time="29.810" errors="0" timestamp="2025-07-26T09:49:31 IST" skipped="0">
  <testcase classname="testcases.SidebarTestCases" name="drawingVerification" time="10.939"/>
  <testcase classname="testcases.SidebarTestCases" name="reesetApp" time="8.972"/>
  <testcase classname="testcases.SidebarTestCases" name="allItemsVerification" time="9.899"/>
</testsuite> <!-- testcases.SidebarTestCases -->
