<?xml version="1.0" encoding="UTF-8"?>
<!-- Generated by org.testng.reporters.JUnitReportReporter -->
<testsuite hostname="DESKTOP-DHSI56N" failures="0" tests="3" name="testcases.ProductPageTest" time="25.183" errors="0" timestamp="2025-07-26T09:49:31 IST" skipped="0">
  <testcase classname="testcases.ProductPageTest" name="verifyProductTitleDisplayed" time="6.416"/>
  <testcase classname="testcases.ProductPageTest" name="testAddAndRemoveProductFromCart" time="8.596"/>
  <testcase classname="testcases.ProductPageTest" name="verifyProductInCart" time="10.171"/>
</testsuite> <!-- testcases.ProductPageTest -->
